<?xml version="1.0" encoding="UTF-8"?>
<testng-results skipped="0" failed="0" ignored="0" total="1" passed="1">
  <reporter-output>
  </reporter-output>
  <suite name="Suite" duration-ms="6648" started-at="2017-06-21T19:38:54Z" finished-at="2017-06-21T19:39:00Z">
    <groups>
    </groups>
    <test name="Test" duration-ms="6648" started-at="2017-06-21T19:38:54Z" finished-at="2017-06-21T19:39:00Z">
      <class name="smokeTest.TestCustomer">
        <test-method status="PASS" signature="addCustomer()[pri:0, instance:smokeTest.TestCustomer@73ad2d6]" name="addCustomer" duration-ms="6629" started-at="2017-06-21T13:38:54Z" finished-at="2017-06-21T13:39:00Z">
          <reporter-output>
          </reporter-output>
        </test-method> <!-- addCustomer -->
      </class> <!-- smokeTest.TestCustomer -->
    </test> <!-- Test -->
  </suite> <!-- Suite -->
</testng-results>
