<?xml version="1.0" encoding="UTF-8"?>
<testng-results skipped="0" failed="0" total="1" passed="1">
  <reporter-output>
  </reporter-output>
  <suite name="Suite" duration-ms="7349" started-at="2017-06-21T21:48:05Z" finished-at="2017-06-21T21:48:12Z">
    <groups>
    </groups>
    <test name="Test" duration-ms="7349" started-at="2017-06-21T21:48:05Z" finished-at="2017-06-21T21:48:12Z">
      <class name="smokeTest.TestCustomer">
        <test-method status="PASS" signature="addCustomer()[pri:0, instance:smokeTest.TestCustomer@26ba2a48]" name="addCustomer" duration-ms="7335" started-at="2017-06-21T15:48:05Z" finished-at="2017-06-21T15:48:12Z">
          <reporter-output>
          </reporter-output>
        </test-method> <!-- addCustomer -->
      </class> <!-- smokeTest.TestCustomer -->
    </test> <!-- Test -->
  </suite> <!-- Suite -->
</testng-results>
